<?xml version="1.0" encoding="UTF-8"?>
<!-- Generated by org.testng.reporters.JUnitXMLReporter -->
<testsuite ignored="0" hostname="PARITOSHs-MacBook-Air.local" failures="0" tests="4" name="Default test" time="35.463" errors="0" timestamp="2021-08-07T10:11:15 GMT-04:00">
  <testcase classname="tests.loginTest" name="loginWithEmptyEmail" time="3.671"/>
  <testcase classname="tests.loginTest" name="loginWithEmptyPassword" time="4.017"/>
  <testcase classname="tests.loginTest" name="loginWithInvalidEmailAndPassword" time="4.071"/>
  <testcase classname="tests.loginTest" name="loginWithWrongEmailAndPassword" time="4.087"/>
</testsuite> <!-- Default test -->
