<?xml version="1.0" encoding="UTF-8"?>
<!-- Generated by org.testng.reporters.JUnitXMLReporter -->
<testsuite ignored="0" hostname="PARITOSHs-MacBook-Air.local" failures="0" tests="4" name="Test" time="33.433" errors="0" timestamp="26 Jul 2021 20:24:21 GMT">
  <testcase classname="tests.loginTest" name="loginWithEmptyEmail" time="3.556"/>
  <testcase classname="tests.loginTest" name="loginWithEmptyPassword" time="3.632"/>
  <testcase classname="tests.loginTest" name="loginWithInvalidEmailAndPassword" time="3.707"/>
  <testcase classname="tests.loginTest" name="loginWithWrongEmailAndPassword" time="3.66"/>
</testsuite> <!-- Test -->
